app/build/intermediates/manifest_merge_blame_file/release/manifest-merger-blame-release-report.txt
1<?xml version="1.0" encoding="utf-8"?>
2<manifest xmlns:android="http://schemas.android.com/apk/res/android"
3    package="CKT.Ministop.Apk"
4    android:versionCode="1"
5    android:versionName="1.0" >
6
7    <uses-sdk
8        android:minSdkVersion="19"
8-->src\main\AndroidManifest.xml
9        android:targetSdkVersion="28" />
9-->src\main\AndroidManifest.xml
10
11    <uses-permission android:name="android.permission.ACCESS_NETWORK_STATE" />
11-->src\main\AndroidManifest.xml:5:5-79
11-->src\main\AndroidManifest.xml:5:22-76
12    <uses-permission android:name="android.permission.INTERNET" />
12-->[com.firebaseui:firebase-ui-auth:4.0.1] AndroidManifest.xml:13:5-67
12-->[com.firebaseui:firebase-ui-auth:4.0.1] AndroidManifest.xml:13:22-64
13    <uses-permission android:name="android.permission.WAKE_LOCK" />
13-->[com.google.firebase:firebase-measurement-connector-impl:16.0.1] AndroidManifest.xml:24:5-68
13-->[com.google.firebase:firebase-measurement-connector-impl:16.0.1] AndroidManifest.xml:24:22-65
14    <uses-permission android:name="com.google.android.finsky.permission.BIND_GET_INSTALL_REFERRER_SERVICE" /> <!-- Required by older versions of Google Play services to create IID tokens -->
14-->[com.google.firebase:firebase-analytics:16.0.1] AndroidManifest.xml:26:5-110
14-->[com.google.firebase:firebase-analytics:16.0.1] AndroidManifest.xml:26:22-107
15    <uses-permission android:name="com.google.android.c2dm.permission.RECEIVE" />
15-->[com.google.firebase:firebase-iid:16.0.0] AndroidManifest.xml:26:5-82
15-->[com.google.firebase:firebase-iid:16.0.0] AndroidManifest.xml:26:22-79
16
17    <permission
17-->[com.google.firebase:firebase-iid:16.0.0] AndroidManifest.xml:28:5-30:47
18        android:name="CKT.Ministop.Apk.permission.C2D_MESSAGE"
18-->[com.google.firebase:firebase-iid:16.0.0] AndroidManifest.xml:29:9-63
19        android:protectionLevel="signature" />
19-->[com.google.firebase:firebase-iid:16.0.0] AndroidManifest.xml:30:9-44
20
21    <uses-permission android:name="CKT.Ministop.Apk.permission.C2D_MESSAGE" />
21-->[com.google.firebase:firebase-iid:16.0.0] AndroidManifest.xml:32:5-79
21-->[com.google.firebase:firebase-iid:16.0.0] AndroidManifest.xml:32:22-76
22
23    <application
23-->src\main\AndroidManifest.xml:6:5-97:19
24        android:name="androidx.multidex.MultiDexApplication"
25        android:allowBackup="true"
25-->src\main\AndroidManifest.xml:7:9-35
26        android:appComponentFactory="androidx.core.app.CoreComponentFactory"
26-->[androidx.core:core:1.5.0] AndroidManifest.xml:24:18-86
27        android:icon="@mipmap/ic_launcher"
27-->src\main\AndroidManifest.xml:8:9-43
28        android:label="@string/app_name"
28-->src\main\AndroidManifest.xml:9:9-41
29        android:roundIcon="@mipmap/ic_launcher_round"
29-->src\main\AndroidManifest.xml:10:9-54
30        android:supportsRtl="true"
30-->src\main\AndroidManifest.xml:11:9-35
31        android:theme="@style/AppTheme" >
31-->src\main\AndroidManifest.xml:12:9-40
32        <activity
32-->src\main\AndroidManifest.xml:13:9-17:20
33            android:name="CKT.Ministop.Apk.activities.LoginActivity"
33-->src\main\AndroidManifest.xml:14:13-69
34            android:parentActivityName="CKT.Ministop.Apk.activities.RegisterActivity"
34-->src\main\AndroidManifest.xml:15:13-86
35            android:theme="@style/NoActionBar" >
35-->src\main\AndroidManifest.xml:16:13-47
36        </activity>
37        <activity
37-->src\main\AndroidManifest.xml:19:9-27:20
38            android:name="CKT.Ministop.Apk.Welcomeactivity"
38-->src\main\AndroidManifest.xml:20:13-60
39            android:theme="@style/FullScreen" >
39-->src\main\AndroidManifest.xml:21:13-46
40            <intent-filter>
40-->src\main\AndroidManifest.xml:22:13-26:29
41                <action android:name="android.intent.action.MAIN" />
41-->src\main\AndroidManifest.xml:23:17-69
41-->src\main\AndroidManifest.xml:23:25-66
42
43                <category android:name="android.intent.category.LAUNCHER" />
43-->src\main\AndroidManifest.xml:25:17-77
43-->src\main\AndroidManifest.xml:25:27-74
44            </intent-filter>
45        </activity>
46        <activity
46-->src\main\AndroidManifest.xml:30:9-33:50
47            android:name="CKT.Ministop.Apk.activities.MainActivity"
47-->src\main\AndroidManifest.xml:31:13-68
48            android:launchMode="singleTop"
48-->src\main\AndroidManifest.xml:32:13-43
49            android:theme="@style/NoActionBar" />
49-->src\main\AndroidManifest.xml:33:13-47
50        <activity
50-->src\main\AndroidManifest.xml:34:9-38:50
51            android:name="CKT.Ministop.Apk.activities.CategoryProductsActivity"
51-->src\main\AndroidManifest.xml:35:13-80
52            android:launchMode="singleTop"
52-->src\main\AndroidManifest.xml:36:13-43
53            android:parentActivityName="CKT.Ministop.Apk.activities.MainActivity"
53-->src\main\AndroidManifest.xml:37:13-82
54            android:theme="@style/NoActionBar" />
54-->src\main\AndroidManifest.xml:38:13-47
55        <activity
55-->src\main\AndroidManifest.xml:39:9-41:97
56            android:name="CKT.Ministop.Apk.activities.ProductDetailsActivity"
56-->src\main\AndroidManifest.xml:40:13-78
57            android:parentActivityName="CKT.Ministop.Apk.activities.CategoryProductsActivity" />
57-->src\main\AndroidManifest.xml:41:13-94
58        <activity
58-->src\main\AndroidManifest.xml:42:9-44:50
59            android:name="CKT.Ministop.Apk.activities.CartActivity"
59-->src\main\AndroidManifest.xml:43:13-68
60            android:theme="@style/NoActionBar" />
60-->src\main\AndroidManifest.xml:44:13-47
61        <activity
61-->src\main\AndroidManifest.xml:45:9-47:85
62            android:name="CKT.Ministop.Apk.activities.OrderActivity"
62-->src\main\AndroidManifest.xml:46:13-69
63            android:parentActivityName="CKT.Ministop.Apk.activities.CartActivity" />
63-->src\main\AndroidManifest.xml:47:13-82
64        <activity
64-->src\main\AndroidManifest.xml:48:9-50:85
65            android:name="CKT.Ministop.Apk.activities.WishlistProductsActivity"
65-->src\main\AndroidManifest.xml:49:13-80
66            android:parentActivityName="CKT.Ministop.Apk.activities.MainActivity" />
66-->src\main\AndroidManifest.xml:50:13-82
67        <activity
67-->src\main\AndroidManifest.xml:51:9-53:97
68            android:name="CKT.Ministop.Apk.activities.WishlistProductDetailsActivity"
68-->src\main\AndroidManifest.xml:52:13-86
69            android:parentActivityName="CKT.Ministop.Apk.activities.WishlistProductsActivity" />
69-->src\main\AndroidManifest.xml:53:13-94
70        <activity
70-->src\main\AndroidManifest.xml:54:9-56:97
71            android:name="CKT.Ministop.Apk.activities.SearchableActivity"
71-->src\main\AndroidManifest.xml:55:13-74
72            android:parentActivityName="CKT.Ministop.Apk.activities.CategoryProductsActivity" />
72-->src\main\AndroidManifest.xml:56:13-94
73        <activity
73-->src\main\AndroidManifest.xml:57:9-61:50
74            android:name="CKT.Ministop.Apk.activities.UserOrdersActivity"
74-->src\main\AndroidManifest.xml:58:13-74
75            android:launchMode="singleTop"
75-->src\main\AndroidManifest.xml:59:13-43
76            android:parentActivityName="CKT.Ministop.Apk.activities.MainActivity"
76-->src\main\AndroidManifest.xml:60:13-82
77            android:theme="@style/NoActionBar" />
77-->src\main\AndroidManifest.xml:61:13-47
78        <activity
78-->src\main\AndroidManifest.xml:62:9-64:91
79            android:name="CKT.Ministop.Apk.activities.OrderDetailsActivity"
79-->src\main\AndroidManifest.xml:63:13-76
80            android:parentActivityName="CKT.Ministop.Apk.activities.UserOrdersActivity" />
80-->src\main\AndroidManifest.xml:64:13-88
81
82        <receiver android:name="CKT.Ministop.Apk.appwidget.WishlistAppWidget" >
82-->src\main\AndroidManifest.xml:66:9-74:20
82-->src\main\AndroidManifest.xml:66:19-78
83            <intent-filter>
83-->src\main\AndroidManifest.xml:67:13-69:29
84                <action android:name="android.appwidget.action.APPWIDGET_UPDATE" />
84-->src\main\AndroidManifest.xml:68:17-84
84-->src\main\AndroidManifest.xml:68:25-81
85            </intent-filter>
86
87            <meta-data
87-->src\main\AndroidManifest.xml:71:13-73:63
88                android:name="android.appwidget.provider"
88-->src\main\AndroidManifest.xml:72:17-58
89                android:resource="@xml/wishlist_app_widget" />
89-->src\main\AndroidManifest.xml:73:17-60
90        </receiver>
91
92        <service
92-->src\main\AndroidManifest.xml:76:9-78:72
93            android:name="CKT.Ministop.Apk.appwidget.WishlistGridRemoteService"
93-->src\main\AndroidManifest.xml:77:13-80
94            android:permission="android.permission.BIND_REMOTEVIEWS" />
94-->src\main\AndroidManifest.xml:78:13-69
95        <service
95-->src\main\AndroidManifest.xml:79:9-82:72
96            android:name="CKT.Ministop.Apk.appwidget.WishlistWidgetService"
96-->src\main\AndroidManifest.xml:80:13-76
97            android:exported="true"
97-->src\main\AndroidManifest.xml:81:13-36
98            android:permission="android.permission.BIND_JOB_SERVICE" />
98-->src\main\AndroidManifest.xml:82:13-69
99
100        <meta-data
100-->src\main\AndroidManifest.xml:84:9-86:57
101            android:name="preloaded_fonts"
101-->src\main\AndroidManifest.xml:85:13-43
102            android:resource="@array/preloaded_fonts" />
102-->src\main\AndroidManifest.xml:86:13-54
103
104        <activity
104-->src\main\AndroidManifest.xml:88:9-96:20
105            android:name="CKT.Ministop.Apk.activities.RegisterActivity"
105-->src\main\AndroidManifest.xml:89:13-72
106            android:theme="@style/NoActionBar" >
106-->src\main\AndroidManifest.xml:90:13-47
107            <intent-filter>
107-->src\main\AndroidManifest.xml:22:13-26:29
108                <action android:name="android.intent.action.MAIN" />
108-->src\main\AndroidManifest.xml:23:17-69
108-->src\main\AndroidManifest.xml:23:25-66
109
110                <category android:name="android.intent.category.LAUNCHER" />
110-->src\main\AndroidManifest.xml:25:17-77
110-->src\main\AndroidManifest.xml:25:27-74
111            </intent-filter>
112        </activity>
113
114        <meta-data
114-->[com.firebaseui:firebase-ui-auth:4.0.1] AndroidManifest.xml:16:9-18:69
115            android:name="com.google.android.gms.version"
115-->[com.firebaseui:firebase-ui-auth:4.0.1] AndroidManifest.xml:17:13-58
116            android:value="@integer/google_play_services_version" />
116-->[com.firebaseui:firebase-ui-auth:4.0.1] AndroidManifest.xml:18:13-66
117        <meta-data
117-->[com.firebaseui:firebase-ui-auth:4.0.1] AndroidManifest.xml:19:9-21:63
118            android:name="com.facebook.sdk.ApplicationId"
118-->[com.firebaseui:firebase-ui-auth:4.0.1] AndroidManifest.xml:20:13-58
119            android:value="@string/facebook_application_id" />
119-->[com.firebaseui:firebase-ui-auth:4.0.1] AndroidManifest.xml:21:13-60
120
121        <activity
121-->[com.firebaseui:firebase-ui-auth:4.0.1] AndroidManifest.xml:23:9-27:61
122            android:name="com.firebase.ui.auth.KickoffActivity"
122-->[com.firebaseui:firebase-ui-auth:4.0.1] AndroidManifest.xml:24:13-64
123            android:exported="false"
123-->[com.firebaseui:firebase-ui-auth:4.0.1] AndroidManifest.xml:25:13-37
124            android:label=""
124-->[com.firebaseui:firebase-ui-auth:4.0.1] AndroidManifest.xml:26:13-29
125            android:theme="@style/FirebaseUI.Transparent" />
125-->[com.firebaseui:firebase-ui-auth:4.0.1] AndroidManifest.xml:27:13-58
126        <activity
126-->[com.firebaseui:firebase-ui-auth:4.0.1] AndroidManifest.xml:28:9-32:61
127            android:name="com.firebase.ui.auth.ui.idp.SingleSignInActivity"
127-->[com.firebaseui:firebase-ui-auth:4.0.1] AndroidManifest.xml:29:13-76
128            android:exported="false"
128-->[com.firebaseui:firebase-ui-auth:4.0.1] AndroidManifest.xml:30:13-37
129            android:label=""
129-->[com.firebaseui:firebase-ui-auth:4.0.1] AndroidManifest.xml:31:13-29
130            android:theme="@style/FirebaseUI.Transparent" />
130-->[com.firebaseui:firebase-ui-auth:4.0.1] AndroidManifest.xml:32:13-58
131        <activity
131-->[com.firebaseui:firebase-ui-auth:4.0.1] AndroidManifest.xml:33:9-37:58
132            android:name="com.firebase.ui.auth.ui.email.RecoverPasswordActivity"
132-->[com.firebaseui:firebase-ui-auth:4.0.1] AndroidManifest.xml:34:13-81
133            android:exported="false"
133-->[com.firebaseui:firebase-ui-auth:4.0.1] AndroidManifest.xml:35:13-37
134            android:label="@string/fui_title_recover_password_activity"
134-->[com.firebaseui:firebase-ui-auth:4.0.1] AndroidManifest.xml:36:13-72
135            android:windowSoftInputMode="adjustResize" />
135-->[com.firebaseui:firebase-ui-auth:4.0.1] AndroidManifest.xml:37:13-55
136        <activity
136-->[com.firebaseui:firebase-ui-auth:4.0.1] AndroidManifest.xml:38:9-42:58
137            android:name="com.firebase.ui.auth.ui.email.EmailActivity"
137-->[com.firebaseui:firebase-ui-auth:4.0.1] AndroidManifest.xml:39:13-71
138            android:exported="false"
138-->[com.firebaseui:firebase-ui-auth:4.0.1] AndroidManifest.xml:40:13-37
139            android:label="@string/fui_sign_in_default"
139-->[com.firebaseui:firebase-ui-auth:4.0.1] AndroidManifest.xml:41:13-56
140            android:windowSoftInputMode="adjustResize" />
140-->[com.firebaseui:firebase-ui-auth:4.0.1] AndroidManifest.xml:42:13-55
141        <activity
141-->[com.firebaseui:firebase-ui-auth:4.0.1] AndroidManifest.xml:43:9-47:77
142            android:name="com.firebase.ui.auth.ui.phone.PhoneActivity"
142-->[com.firebaseui:firebase-ui-auth:4.0.1] AndroidManifest.xml:44:13-71
143            android:exported="false"
143-->[com.firebaseui:firebase-ui-auth:4.0.1] AndroidManifest.xml:45:13-37
144            android:label="@string/fui_sign_in_with_phone_number"
144-->[com.firebaseui:firebase-ui-auth:4.0.1] AndroidManifest.xml:46:13-66
145            android:windowSoftInputMode="adjustResize|stateAlwaysVisible" />
145-->[com.firebaseui:firebase-ui-auth:4.0.1] AndroidManifest.xml:47:13-74
146        <activity
146-->[com.firebaseui:firebase-ui-auth:4.0.1] AndroidManifest.xml:48:9-52:58
147            android:name="com.firebase.ui.auth.ui.idp.WelcomeBackIdpPrompt"
147-->[com.firebaseui:firebase-ui-auth:4.0.1] AndroidManifest.xml:49:13-76
148            android:exported="false"
148-->[com.firebaseui:firebase-ui-auth:4.0.1] AndroidManifest.xml:50:13-37
149            android:label="@string/fui_title_welcome_back_idp_prompt"
149-->[com.firebaseui:firebase-ui-auth:4.0.1] AndroidManifest.xml:51:13-70
150            android:windowSoftInputMode="adjustResize" />
150-->[com.firebaseui:firebase-ui-auth:4.0.1] AndroidManifest.xml:52:13-55
151        <activity
151-->[com.firebaseui:firebase-ui-auth:4.0.1] AndroidManifest.xml:53:9-57:58
152            android:name="com.firebase.ui.auth.ui.email.WelcomeBackPasswordPrompt"
152-->[com.firebaseui:firebase-ui-auth:4.0.1] AndroidManifest.xml:54:13-83
153            android:exported="false"
153-->[com.firebaseui:firebase-ui-auth:4.0.1] AndroidManifest.xml:55:13-37
154            android:label="@string/fui_title_welcome_back_password_prompt"
154-->[com.firebaseui:firebase-ui-auth:4.0.1] AndroidManifest.xml:56:13-75
155            android:windowSoftInputMode="adjustResize" />
155-->[com.firebaseui:firebase-ui-auth:4.0.1] AndroidManifest.xml:57:13-55
156        <activity
156-->[com.firebaseui:firebase-ui-auth:4.0.1] AndroidManifest.xml:58:9-61:65
157            android:name="com.firebase.ui.auth.ui.idp.AuthMethodPickerActivity"
157-->[com.firebaseui:firebase-ui-auth:4.0.1] AndroidManifest.xml:59:13-80
158            android:exported="false"
158-->[com.firebaseui:firebase-ui-auth:4.0.1] AndroidManifest.xml:60:13-37
159            android:label="@string/fui_default_toolbar_title" />
159-->[com.firebaseui:firebase-ui-auth:4.0.1] AndroidManifest.xml:61:13-62
160        <activity
160-->[com.firebaseui:firebase-ui-auth:4.0.1] AndroidManifest.xml:62:9-66:48
161            android:name="com.facebook.FacebookActivity"
161-->[com.firebaseui:firebase-ui-auth:4.0.1] AndroidManifest.xml:63:13-57
162            android:configChanges="keyboard|keyboardHidden|screenLayout|screenSize|orientation"
162-->[com.firebaseui:firebase-ui-auth:4.0.1] AndroidManifest.xml:64:13-96
163            android:label="@string/app_name" />
163-->[com.firebaseui:firebase-ui-auth:4.0.1] AndroidManifest.xml:65:13-45
164        <activity
164-->[com.firebaseui:firebase-ui-auth:4.0.1] AndroidManifest.xml:67:9-71:61
165            android:name="com.firebase.ui.auth.ui.credentials.CredentialSaveActivity"
165-->[com.firebaseui:firebase-ui-auth:4.0.1] AndroidManifest.xml:68:13-86
166            android:exported="false"
166-->[com.firebaseui:firebase-ui-auth:4.0.1] AndroidManifest.xml:69:13-37
167            android:label=""
167-->[com.firebaseui:firebase-ui-auth:4.0.1] AndroidManifest.xml:70:13-29
168            android:theme="@style/FirebaseUI.Transparent" />
168-->[com.firebaseui:firebase-ui-auth:4.0.1] AndroidManifest.xml:71:13-58
169        <activity
169-->[com.firebaseui:firebase-ui-auth:4.0.1] AndroidManifest.xml:72:9-84:20
170            android:name="com.facebook.CustomTabActivity"
170-->[com.firebaseui:firebase-ui-auth:4.0.1] AndroidManifest.xml:73:13-58
171            android:exported="true" >
171-->[com.firebaseui:firebase-ui-auth:4.0.1] AndroidManifest.xml:74:13-36
172            <intent-filter>
172-->[com.firebaseui:firebase-ui-auth:4.0.1] AndroidManifest.xml:76:13-83:29
173                <action android:name="android.intent.action.VIEW" />
173-->[com.firebaseui:firebase-ui-auth:4.0.1] AndroidManifest.xml:77:17-69
173-->[com.firebaseui:firebase-ui-auth:4.0.1] AndroidManifest.xml:77:25-66
174
175                <category android:name="android.intent.category.DEFAULT" />
175-->[com.firebaseui:firebase-ui-auth:4.0.1] AndroidManifest.xml:79:17-76
175-->[com.firebaseui:firebase-ui-auth:4.0.1] AndroidManifest.xml:79:27-73
176                <category android:name="android.intent.category.BROWSABLE" />
176-->[com.firebaseui:firebase-ui-auth:4.0.1] AndroidManifest.xml:80:17-78
176-->[com.firebaseui:firebase-ui-auth:4.0.1] AndroidManifest.xml:80:27-75
177
178                <data android:scheme="@string/facebook_login_protocol_scheme" />
178-->[com.firebaseui:firebase-ui-auth:4.0.1] AndroidManifest.xml:82:17-81
178-->[com.firebaseui:firebase-ui-auth:4.0.1] AndroidManifest.xml:82:23-78
179            </intent-filter>
180        </activity>
181
182        <provider
182-->[com.firebaseui:firebase-ui-auth:4.0.1] AndroidManifest.xml:86:9-90:38
183            android:name="com.firebase.ui.auth.data.client.AuthUiInitProvider"
183-->[com.firebaseui:firebase-ui-auth:4.0.1] AndroidManifest.xml:87:13-79
184            android:authorities="CKT.Ministop.Apk.authuiinitprovider"
184-->[com.firebaseui:firebase-ui-auth:4.0.1] AndroidManifest.xml:88:13-70
185            android:exported="false"
185-->[com.firebaseui:firebase-ui-auth:4.0.1] AndroidManifest.xml:89:13-37
186            android:initOrder="90" />
186-->[com.firebaseui:firebase-ui-auth:4.0.1] AndroidManifest.xml:90:13-35
187
188        <service
188-->[com.google.firebase:firebase-database:20.0.0] AndroidManifest.xml:29:9-35:19
189            android:name="com.google.firebase.components.ComponentDiscoveryService"
189-->[com.google.firebase:firebase-database:20.0.0] AndroidManifest.xml:30:13-84
190            android:directBootAware="true"
190-->[com.google.firebase:firebase-common:20.0.0] AndroidManifest.xml:35:13-43
191            android:exported="false" >
191-->[com.google.firebase:firebase-database:20.0.0] AndroidManifest.xml:31:13-37
192            <meta-data
192-->[com.google.firebase:firebase-database:20.0.0] AndroidManifest.xml:32:13-34:85
193                android:name="com.google.firebase.components:com.google.firebase.database.DatabaseRegistrar"
193-->[com.google.firebase:firebase-database:20.0.0] AndroidManifest.xml:33:17-109
194                android:value="com.google.firebase.components.ComponentRegistrar" />
194-->[com.google.firebase:firebase-database:20.0.0] AndroidManifest.xml:34:17-82
195            <meta-data
195-->[com.google.firebase:firebase-auth:21.0.1] AndroidManifest.xml:77:13-79:85
196                android:name="com.google.firebase.components:com.google.firebase.auth.FirebaseAuthRegistrar"
196-->[com.google.firebase:firebase-auth:21.0.1] AndroidManifest.xml:78:17-109
197                android:value="com.google.firebase.components.ComponentRegistrar" />
197-->[com.google.firebase:firebase-auth:21.0.1] AndroidManifest.xml:79:17-82
198            <meta-data
198-->[com.google.firebase:firebase-measurement-connector-impl:16.0.1] AndroidManifest.xml:28:13-30:85
199                android:name="com.google.firebase.components:com.google.firebase.analytics.connector.internal.AnalyticsConnectorRegistrar"
199-->[com.google.firebase:firebase-measurement-connector-impl:16.0.1] AndroidManifest.xml:29:17-139
200                android:value="com.google.firebase.components.ComponentRegistrar" />
200-->[com.google.firebase:firebase-measurement-connector-impl:16.0.1] AndroidManifest.xml:30:17-82
201            <meta-data
201-->[com.google.firebase:firebase-iid:16.0.0] AndroidManifest.xml:36:13-38:85
202                android:name="com.google.firebase.components:com.google.firebase.iid.Registrar"
202-->[com.google.firebase:firebase-iid:16.0.0] AndroidManifest.xml:37:17-96
203                android:value="com.google.firebase.components.ComponentRegistrar" />
203-->[com.google.firebase:firebase-iid:16.0.0] AndroidManifest.xml:38:17-82
204        </service>
205
206        <activity
206-->[com.stripe:stripe-android:7.1.0] AndroidManifest.xml:12:9-16:20
207            android:name="com.stripe.android.view.AddSourceActivity"
207-->[com.stripe:stripe-android:7.1.0] AndroidManifest.xml:13:13-69
208            android:theme="@style/StripeDefaultTheme"
208-->[com.stripe:stripe-android:7.1.0] AndroidManifest.xml:14:13-54
209            android:windowSoftInputMode="stateVisible" >
209-->[com.stripe:stripe-android:7.1.0] AndroidManifest.xml:15:13-55
210        </activity>
211        <activity
211-->[com.stripe:stripe-android:7.1.0] AndroidManifest.xml:17:9-20:20
212            android:name="com.stripe.android.view.PaymentMethodsActivity"
212-->[com.stripe:stripe-android:7.1.0] AndroidManifest.xml:18:13-74
213            android:theme="@style/StripeDefaultTheme" >
213-->[com.stripe:stripe-android:7.1.0] AndroidManifest.xml:19:13-54
214        </activity>
215        <activity
215-->[com.stripe:stripe-android:7.1.0] AndroidManifest.xml:21:9-24:20
216            android:name="com.stripe.android.view.PaymentFlowActivity"
216-->[com.stripe:stripe-android:7.1.0] AndroidManifest.xml:22:13-71
217            android:theme="@style/StripeDefaultTheme" >
217-->[com.stripe:stripe-android:7.1.0] AndroidManifest.xml:23:13-54
218        </activity>
219        <activity
219-->[com.google.firebase:firebase-auth:21.0.1] AndroidManifest.xml:27:9-44:20
220            android:name="com.google.firebase.auth.internal.GenericIdpActivity"
220-->[com.google.firebase:firebase-auth:21.0.1] AndroidManifest.xml:28:13-80
221            android:excludeFromRecents="true"
221-->[com.google.firebase:firebase-auth:21.0.1] AndroidManifest.xml:29:13-46
222            android:exported="true"
222-->[com.google.firebase:firebase-auth:21.0.1] AndroidManifest.xml:30:13-36
223            android:launchMode="singleTask"
223-->[com.google.firebase:firebase-auth:21.0.1] AndroidManifest.xml:31:13-44
224            android:theme="@android:style/Theme.Translucent.NoTitleBar" >
224-->[com.google.firebase:firebase-auth:21.0.1] AndroidManifest.xml:32:13-72
225            <intent-filter>
225-->[com.google.firebase:firebase-auth:21.0.1] AndroidManifest.xml:33:13-43:29
226                <action android:name="android.intent.action.VIEW" />
226-->[com.firebaseui:firebase-ui-auth:4.0.1] AndroidManifest.xml:77:17-69
226-->[com.firebaseui:firebase-ui-auth:4.0.1] AndroidManifest.xml:77:25-66
227
228                <category android:name="android.intent.category.DEFAULT" />
228-->[com.firebaseui:firebase-ui-auth:4.0.1] AndroidManifest.xml:79:17-76
228-->[com.firebaseui:firebase-ui-auth:4.0.1] AndroidManifest.xml:79:27-73
229                <category android:name="android.intent.category.BROWSABLE" />
229-->[com.firebaseui:firebase-ui-auth:4.0.1] AndroidManifest.xml:80:17-78
229-->[com.firebaseui:firebase-ui-auth:4.0.1] AndroidManifest.xml:80:27-75
230
231                <data
231-->[com.firebaseui:firebase-ui-auth:4.0.1] AndroidManifest.xml:82:17-81
232                    android:host="firebase.auth"
233                    android:path="/"
234                    android:scheme="genericidp" />
234-->[com.firebaseui:firebase-ui-auth:4.0.1] AndroidManifest.xml:82:23-78
235            </intent-filter>
236        </activity>
237        <activity
237-->[com.google.firebase:firebase-auth:21.0.1] AndroidManifest.xml:45:9-62:20
238            android:name="com.google.firebase.auth.internal.RecaptchaActivity"
238-->[com.google.firebase:firebase-auth:21.0.1] AndroidManifest.xml:46:13-79
239            android:excludeFromRecents="true"
239-->[com.google.firebase:firebase-auth:21.0.1] AndroidManifest.xml:47:13-46
240            android:exported="true"
240-->[com.google.firebase:firebase-auth:21.0.1] AndroidManifest.xml:48:13-36
241            android:launchMode="singleTask"
241-->[com.google.firebase:firebase-auth:21.0.1] AndroidManifest.xml:49:13-44
242            android:theme="@android:style/Theme.Translucent.NoTitleBar" >
242-->[com.google.firebase:firebase-auth:21.0.1] AndroidManifest.xml:50:13-72
243            <intent-filter>
243-->[com.google.firebase:firebase-auth:21.0.1] AndroidManifest.xml:51:13-61:29
244                <action android:name="android.intent.action.VIEW" />
244-->[com.firebaseui:firebase-ui-auth:4.0.1] AndroidManifest.xml:77:17-69
244-->[com.firebaseui:firebase-ui-auth:4.0.1] AndroidManifest.xml:77:25-66
245
246                <category android:name="android.intent.category.DEFAULT" />
246-->[com.firebaseui:firebase-ui-auth:4.0.1] AndroidManifest.xml:79:17-76
246-->[com.firebaseui:firebase-ui-auth:4.0.1] AndroidManifest.xml:79:27-73
247                <category android:name="android.intent.category.BROWSABLE" />
247-->[com.firebaseui:firebase-ui-auth:4.0.1] AndroidManifest.xml:80:17-78
247-->[com.firebaseui:firebase-ui-auth:4.0.1] AndroidManifest.xml:80:27-75
248
249                <data
249-->[com.firebaseui:firebase-ui-auth:4.0.1] AndroidManifest.xml:82:17-81
250                    android:host="firebase.auth"
251                    android:path="/"
252                    android:scheme="recaptcha" />
252-->[com.firebaseui:firebase-ui-auth:4.0.1] AndroidManifest.xml:82:23-78
253            </intent-filter>
254        </activity>
255
256        <service
256-->[com.google.firebase:firebase-auth:21.0.1] AndroidManifest.xml:64:9-73:19
257            android:name="com.google.firebase.auth.api.fallback.service.FirebaseAuthFallbackService"
257-->[com.google.firebase:firebase-auth:21.0.1] AndroidManifest.xml:65:13-101
258            android:enabled="true"
258-->[com.google.firebase:firebase-auth:21.0.1] AndroidManifest.xml:66:13-35
259            android:exported="false" >
259-->[com.google.firebase:firebase-auth:21.0.1] AndroidManifest.xml:67:13-37
260            <intent-filter>
260-->[com.google.firebase:firebase-auth:21.0.1] AndroidManifest.xml:68:13-72:29
261                <action android:name="com.google.firebase.auth.api.gms.service.START" />
261-->[com.google.firebase:firebase-auth:21.0.1] AndroidManifest.xml:69:17-89
261-->[com.google.firebase:firebase-auth:21.0.1] AndroidManifest.xml:69:25-86
262
263                <category android:name="android.intent.category.DEFAULT" />
263-->[com.firebaseui:firebase-ui-auth:4.0.1] AndroidManifest.xml:79:17-76
263-->[com.firebaseui:firebase-ui-auth:4.0.1] AndroidManifest.xml:79:27-73
264            </intent-filter>
265        </service>
266
267        <activity
267-->[com.google.android.gms:play-services-auth:19.0.0] AndroidManifest.xml:23:9-27:75
268            android:name="com.google.android.gms.auth.api.signin.internal.SignInHubActivity"
268-->[com.google.android.gms:play-services-auth:19.0.0] AndroidManifest.xml:24:13-93
269            android:excludeFromRecents="true"
269-->[com.google.android.gms:play-services-auth:19.0.0] AndroidManifest.xml:25:13-46
270            android:exported="false"
270-->[com.google.android.gms:play-services-auth:19.0.0] AndroidManifest.xml:26:13-37
271            android:theme="@android:style/Theme.Translucent.NoTitleBar" />
271-->[com.google.android.gms:play-services-auth:19.0.0] AndroidManifest.xml:27:13-72
272        <!--
273            Service handling Google Sign-In user revocation. For apps that do not integrate with
274            Google Sign-In, this service will never be started.
275        -->
276        <service
276-->[com.google.android.gms:play-services-auth:19.0.0] AndroidManifest.xml:33:9-37:51
277            android:name="com.google.android.gms.auth.api.signin.RevocationBoundService"
277-->[com.google.android.gms:play-services-auth:19.0.0] AndroidManifest.xml:34:13-89
278            android:exported="true"
278-->[com.google.android.gms:play-services-auth:19.0.0] AndroidManifest.xml:35:13-36
279            android:permission="com.google.android.gms.auth.api.signin.permission.REVOCATION_NOTIFICATION"
279-->[com.google.android.gms:play-services-auth:19.0.0] AndroidManifest.xml:36:13-107
280            android:visibleToInstantApps="true" />
280-->[com.google.android.gms:play-services-auth:19.0.0] AndroidManifest.xml:37:13-48
281
282        <receiver
282-->[com.google.firebase:firebase-analytics:16.0.1] AndroidManifest.xml:29:9-33:20
283            android:name="com.google.android.gms.measurement.AppMeasurementReceiver"
283-->[com.google.firebase:firebase-analytics:16.0.1] AndroidManifest.xml:30:13-85